i A libjpeg-t[01;31m[Kurb[m[Ko-progs             - Programs for manipulating JPEG files      
p   libjpeg-t[01;31m[Kurb[m[Ko-progs:i386        - Programs for manipulating JPEG files      
p   libjpeg-t[01;31m[Kurb[m[Ko-test              - Program for benchmarking and testing libjp
p   libjpeg-t[01;31m[Kurb[m[Ko-test:i386         - Program for benchmarking and testing libjp
i   libjpeg-t[01;31m[Kurb[m[Ko8                  - IJG JPEG compliant runtime library.       
i A libjpeg-t[01;31m[Kurb[m[Ko8:i386             - IJG JPEG compliant runtime library.       
p   libjpeg-t[01;31m[Kurb[m[Ko8-dbg              - Debugging symbols for the libjpeg-t[01;31m[Kurb[m[Ko li
p   libjpeg-t[01;31m[Kurb[m[Ko8-dbg:i386         - Debugging symbols for the libjpeg-t[01;31m[Kurb[m[Ko li
i A libjpeg-t[01;31m[Kurb[m[Ko8-dev              - Development files for the IJG JPEG library
p   libjpeg-t[01;31m[Kurb[m[Ko8-dev:i386         - Development files for the IJG JPEG library
p   libt[01;31m[Kurb[m[Kojpeg                    - IJG JPEG compliant runtime library.       
p   libt[01;31m[Kurb[m[Kojpeg:i386               - IJG JPEG compliant runtime library.       
p   octave-n[01;31m[Kurb[m[Ks                    - non-uniform rational B-splines for Octave 
p   octave-n[01;31m[Kurb[m[Ks:i386               - non-uniform rational B-splines for Octave 
p   php-horde-t[01;31m[Kurb[m[Ka                 - A web based address book                  
p   python-t[01;31m[Kurb[m[Kogears2              - Python web application framework          
p   python-t[01;31m[Kurb[m[Kogears2-doc          - documentation for the T[01;31m[Kurb[m[KoGears2 web fram
p   python-t[01;31m[Kurb[m[Kojson                - plugin to use JSON templates in Python tem
p   python-t[01;31m[Kurb[m[Kokid                 - T[01;31m[Kurb[m[KoGears template plugin to use kid temp
v   python2.7-t[01;31m[Kurb[m[Kojson             -                                           
p   ruby-c[01;31m[Kurb[m[K                       - Ruby libcurl bindings                     
p   ruby-c[01;31m[Kurb[m[K:i386                  - Ruby libcurl bindings                     
p   ruby-t[01;31m[Kurb[m[Kolinks                 - following links in your Rails web applicat
v   t[01;31m[Kurb[m[Ka                           -                                           
